# JRE version: Java(TM) SE Runtime Environment (8.0_73-b02) (build 1.8.0_73-b02)
# Java VM: Java HotSpot(TM) 64-Bit Server VM (25.73-b02 mixed mode windows-amd64 compressed oops)
Heap:
 PSYoungGen      total 175616K, used 83067K [0x00000000d5f80000, 0x00000000e1f00000, 0x0000000100000000)
  eden space 157696K, 44% used [0x00000000d5f80000,0x00000000da407410,0x00000000df980000)
  from space 17920K, 71% used [0x00000000e0b80000,0x00000000e1817830,0x00000000e1d00000)
  to   space 18432K, 0% used [0x00000000df980000,0x00000000df980000,0x00000000e0b80000)
 ParOldGen       total 101376K, used 22666K [0x0000000081e00000, 0x0000000088100000, 0x00000000d5f80000)
  object space 101376K, 22% used [0x0000000081e00000,0x00000000834229d8,0x0000000088100000)
 Metaspace       used 49842K, capacity 50517K, committed 50816K, reserved 1093632K
  class space    used 6365K, capacity 6527K, committed 6528K, reserved 1048576K
GC Heap History (10 events):
Event: 6.820 GC heap before
{Heap before GC invocations=10 (full 1):
 PSYoungGen      total 106496K, used 104954K [0x00000000d5f80000, 0x00000000dd700000, 0x0000000100000000)
  eden space 94208K, 100% used [0x00000000d5f80000,0x00000000dbb80000,0x00000000dbb80000)
  from space 12288K, 87% used [0x00000000dc880000,0x00000000dd2fea48,0x00000000dd480000)
  to   space 13312K, 0% used [0x00000000dbb80000,0x00000000dbb80000,0x00000000dc880000)
 ParOldGen       total 69120K, used 10682K [0x0000000081e00000, 0x0000000086180000, 0x00000000d5f80000)
  object space 69120K, 15% used [0x0000000081e00000,0x000000008286e9e8,0x0000000086180000)
 Metaspace       used 33263K, capacity 33705K, committed 34048K, reserved 1079296K
  class space    used 4237K, capacity 4352K, committed 4352K, reserved 1048576K
Event: 6.849 GC heap after
Heap after GC invocations=10 (full 1):
 PSYoungGen      total 107520K, used 13308K [0x00000000d5f80000, 0x00000000df380000, 0x0000000100000000)
  eden space 94208K, 0% used [0x00000000d5f80000,0x00000000d5f80000,0x00000000dbb80000)
  from space 13312K, 99% used [0x00000000dbb80000,0x00000000dc87f020,0x00000000dc880000)
  to   space 15360K, 0% used [0x00000000de480000,0x00000000de480000,0x00000000df380000)
 ParOldGen       total 69120K, used 10697K [0x0000000081e00000, 0x0000000086180000, 0x00000000d5f80000)
  object space 69120K, 15% used [0x0000000081e00000,0x00000000828724b8,0x0000000086180000)
 Metaspace       used 33263K, capacity 33705K, committed 34048K, reserved 1079296K
  class space    used 4237K, capacity 4352K, committed 4352K, reserved 1048576K
}
Event: 7.146 GC heap before
{Heap before GC invocations=11 (full 1):
 PSYoungGen      total 107520K, used 46990K [0x00000000d5f80000, 0x00000000df380000, 0x0000000100000000)
  eden space 94208K, 35% used [0x00000000d5f80000,0x00000000d8064960,0x00000000dbb80000)
  from space 13312K, 99% used [0x00000000dbb80000,0x00000000dc87f020,0x00000000dc880000)
  to   space 15360K, 0% used [0x00000000de480000,0x00000000de480000,0x00000000df380000)
 ParOldGen       total 69120K, used 10697K [0x0000000081e00000, 0x0000000086180000, 0x00000000d5f80000)
  object space 69120K, 15% used [0x0000000081e00000,0x00000000828724b8,0x0000000086180000)
 Metaspace       used 34825K, capacity 35241K, committed 35496K, reserved 1081344K
  class space    used 4488K, capacity 4608K, committed 4608K, reserved 1048576K
Event: 7.167 GC heap after
Heap after GC invocations=11 (full 1):
 PSYoungGen      total 134656K, used 14873K [0x00000000d5f80000, 0x00000000dfe00000, 0x0000000100000000)
  eden space 119296K, 0% used [0x00000000d5f80000,0x00000000d5f80000,0x00000000dd400000)
  from space 15360K, 96% used [0x00000000de480000,0x00000000df306798,0x00000000df380000)
  to   space 16896K, 0% used [0x00000000dd400000,0x00000000dd400000,0x00000000de480000)
 ParOldGen       total 69120K, used 10705K [0x0000000081e00000, 0x0000000086180000, 0x00000000d5f80000)
  object space 69120K, 15% used [0x0000000081e00000,0x00000000828744b8,0x0000000086180000)
 Metaspace       used 34825K, capacity 35241K, committed 35496K, reserved 1081344K
  class space    used 4488K, capacity 4608K, committed 4608K, reserved 1048576K
}
Event: 7.167 GC heap before
{Heap before GC invocations=12 (full 2):
 PSYoungGen      total 134656K, used 14873K [0x00000000d5f80000, 0x00000000dfe00000, 0x0000000100000000)
  eden space 119296K, 0% used [0x00000000d5f80000,0x00000000d5f80000,0x00000000dd400000)
  from space 15360K, 96% used [0x00000000de480000,0x00000000df306798,0x00000000df380000)
  to   space 16896K, 0% used [0x00000000dd400000,0x00000000dd400000,0x00000000de480000)
 ParOldGen       total 69120K, used 10705K [0x0000000081e00000, 0x0000000086180000, 0x00000000d5f80000)
  object space 69120K, 15% used [0x0000000081e00000,0x00000000828744b8,0x0000000086180000)
 Metaspace       used 34825K, capacity 35241K, committed 35496K, reserved 1081344K
  class space    used 4488K, capacity 4608K, committed 4608K, reserved 1048576K
Event: 7.276 GC heap after
Heap after GC invocations=12 (full 2):
 PSYoungGen      total 134656K, used 0K [0x00000000d5f80000, 0x00000000dfe00000, 0x0000000100000000)
  eden space 119296K, 0% used [0x00000000d5f80000,0x00000000d5f80000,0x00000000dd400000)
  from space 15360K, 0% used [0x00000000de480000,0x00000000de480000,0x00000000df380000)
  to   space 16896K, 0% used [0x00000000dd400000,0x00000000dd400000,0x00000000de480000)
 ParOldGen       total 101376K, used 22658K [0x0000000081e00000, 0x0000000088100000, 0x00000000d5f80000)
  object space 101376K, 22% used [0x0000000081e00000,0x00000000834209d8,0x0000000088100000)
 Metaspace       used 34825K, capacity 35241K, committed 35496K, reserved 1081344K
  class space    used 4488K, capacity 4608K, committed 4608K, reserved 1048576K
}
Event: 9.852 GC heap before
{Heap before GC invocations=13 (full 2):
 PSYoungGen      total 134656K, used 119296K [0x00000000d5f80000, 0x00000000dfe00000, 0x0000000100000000)
  eden space 119296K, 100% used [0x00000000d5f80000,0x00000000dd400000,0x00000000dd400000)
  from space 15360K, 0% used [0x00000000de480000,0x00000000de480000,0x00000000df380000)
  to   space 16896K, 0% used [0x00000000dd400000,0x00000000dd400000,0x00000000de480000)
 ParOldGen       total 101376K, used 22658K [0x0000000081e00000, 0x0000000088100000, 0x00000000d5f80000)
  object space 101376K, 22% used [0x0000000081e00000,0x00000000834209d8,0x0000000088100000)
 Metaspace       used 46188K, capacity 46785K, committed 47104K, reserved 1089536K
  class space    used 5900K, capacity 6052K, committed 6144K, reserved 1048576K
Event: 9.873 GC heap after
Heap after GC invocations=13 (full 2):
 PSYoungGen      total 136192K, used 13601K [0x00000000d5f80000, 0x00000000e1d00000, 0x0000000100000000)
  eden space 119296K, 0% used [0x00000000d5f80000,0x00000000d5f80000,0x00000000dd400000)
  from space 16896K, 80% used [0x00000000dd400000,0x00000000de148768,0x00000000de480000)
  to   space 17920K, 0% used [0x00000000e0b80000,0x00000000e0b80000,0x00000000e1d00000)
 ParOldGen       total 101376K, used 22666K [0x0000000081e00000, 0x0000000088100000, 0x00000000d5f80000)
  object space 101376K, 22% used [0x0000000081e00000,0x00000000834229d8,0x0000000088100000)
 Metaspace       used 46188K, capacity 46785K, committed 47104K, reserved 1089536K
  class space    used 5900K, capacity 6052K, committed 6144K, reserved 1048576K
}
Event: 11.696 GC heap before
{Heap before GC invocations=14 (full 2):
 PSYoungGen      total 136192K, used 132897K [0x00000000d5f80000, 0x00000000e1d00000, 0x0000000100000000)
  eden space 119296K, 100% used [0x00000000d5f80000,0x00000000dd400000,0x00000000dd400000)
  from space 16896K, 80% used [0x00000000dd400000,0x00000000de148768,0x00000000de480000)
  to   space 17920K, 0% used [0x00000000e0b80000,0x00000000e0b80000,0x00000000e1d00000)
 ParOldGen       total 101376K, used 22666K [0x0000000081e00000, 0x0000000088100000, 0x00000000d5f80000)
  object space 101376K, 22% used [0x0000000081e00000,0x00000000834229d8,0x0000000088100000)
 Metaspace       used 48642K, capacity 49245K, committed 49664K, reserved 1093632K
  class space    used 6220K, capacity 6350K, committed 6400K, reserved 1048576K
Event: 11.751 GC heap after
Heap after GC invocations=14 (full 2):
 PSYoungGen      total 175616K, used 12894K [0x00000000d5f80000, 0x00000000e1f00000, 0x0000000100000000)
  eden space 157696K, 0% used [0x00000000d5f80000,0x00000000d5f80000,0x00000000df980000)
  from space 17920K, 71% used [0x00000000e0b80000,0x00000000e1817830,0x00000000e1d00000)
  to   space 18432K, 0% used [0x00000000df980000,0x00000000df980000,0x00000000e0b80000)
 ParOldGen       total 101376K, used 22666K [0x0000000081e00000, 0x0000000088100000, 0x00000000d5f80000)
  object space 101376K, 22% used [0x0000000081e00000,0x00000000834229d8,0x0000000088100000)
 Metaspace       used 48642K, capacity 49245K, committed 49664K, reserved 1093632K
  class space    used 6220K, capacity 6350K, committed 6400K, reserved 1048576K
}

