# JRE version: Java(TM) SE Runtime Environment (8.0_73-b02) (build 1.8.0_73-b02)
# Java VM: Java HotSpot(TM) 64-Bit Server VM (25.73-b02 mixed mode windows-amd64 compressed oops)
Heap:
 PSYoungGen      total 250368K, used 37627K [0x00000000d5f80000, 0x00000000ea180000, 0x0000000100000000)
  eden space 230400K, 11% used [0x00000000d5f80000,0x00000000d796ff18,0x00000000e4080000)
  from space 19968K, 55% used [0x00000000e4080000,0x00000000e4b4eea0,0x00000000e5400000)
  to   space 19456K, 0% used [0x00000000e8e80000,0x00000000e8e80000,0x00000000ea180000)
 ParOldGen       total 91648K, used 33998K [0x0000000081e00000, 0x0000000087780000, 0x00000000d5f80000)
  object space 91648K, 37% used [0x0000000081e00000,0x0000000083f33af8,0x0000000087780000)
 Metaspace       used 55579K, capacity 56362K, committed 56576K, reserved 1099776K
  class space    used 6962K, capacity 7149K, committed 7168K, reserved 1048576K
GC Heap History (10 events):
Event: 6.252 GC heap before
{Heap before GC invocations=9 (full 1):
 PSYoungGen      total 123904K, used 123043K [0x00000000d5f80000, 0x00000000e2b80000, 0x0000000100000000)
  eden space 111104K, 100% used [0x00000000d5f80000,0x00000000dcc00000,0x00000000dcc00000)
  from space 12800K, 93% used [0x00000000dcc00000,0x00000000dd7a8c28,0x00000000dd880000)
  to   space 14336K, 0% used [0x00000000e1d80000,0x00000000e1d80000,0x00000000e2b80000)
 ParOldGen       total 57856K, used 8993K [0x0000000081e00000, 0x0000000085680000, 0x00000000d5f80000)
  object space 57856K, 15% used [0x0000000081e00000,0x00000000826c8438,0x0000000085680000)
 Metaspace       used 31231K, capacity 31714K, committed 32000K, reserved 1077248K
  class space    used 3910K, capacity 4030K, committed 4096K, reserved 1048576K
Event: 6.270 GC heap after
Heap after GC invocations=9 (full 1):
 PSYoungGen      total 188928K, used 13282K [0x00000000d5f80000, 0x00000000e2a80000, 0x0000000100000000)
  eden space 175616K, 0% used [0x00000000d5f80000,0x00000000d5f80000,0x00000000e0b00000)
  from space 13312K, 99% used [0x00000000e1d80000,0x00000000e2a78b78,0x00000000e2a80000)
  to   space 15872K, 0% used [0x00000000e0b80000,0x00000000e0b80000,0x00000000e1b00000)
 ParOldGen       total 57856K, used 9001K [0x0000000081e00000, 0x0000000085680000, 0x00000000d5f80000)
  object space 57856K, 15% used [0x0000000081e00000,0x00000000826ca438,0x0000000085680000)
 Metaspace       used 31231K, capacity 31714K, committed 32000K, reserved 1077248K
  class space    used 3910K, capacity 4030K, committed 4096K, reserved 1048576K
}
Event: 7.133 GC heap before
{Heap before GC invocations=10 (full 1):
 PSYoungGen      total 188928K, used 89252K [0x00000000d5f80000, 0x00000000e2a80000, 0x0000000100000000)
  eden space 175616K, 43% used [0x00000000d5f80000,0x00000000da9b04e0,0x00000000e0b00000)
  from space 13312K, 99% used [0x00000000e1d80000,0x00000000e2a78b78,0x00000000e2a80000)
  to   space 15872K, 0% used [0x00000000e0b80000,0x00000000e0b80000,0x00000000e1b00000)
 ParOldGen       total 57856K, used 9001K [0x0000000081e00000, 0x0000000085680000, 0x00000000d5f80000)
  object space 57856K, 15% used [0x0000000081e00000,0x00000000826ca438,0x0000000085680000)
 Metaspace       used 34947K, capacity 35374K, committed 35496K, reserved 1081344K
  class space    used 4505K, capacity 4608K, committed 4608K, reserved 1048576K
Event: 7.155 GC heap after
Heap after GC invocations=10 (full 1):
 PSYoungGen      total 192000K, used 13975K [0x00000000d5f80000, 0x00000000e6780000, 0x0000000100000000)
  eden space 176128K, 0% used [0x00000000d5f80000,0x00000000d5f80000,0x00000000e0b80000)
  from space 15872K, 88% used [0x00000000e0b80000,0x00000000e1925e00,0x00000000e1b00000)
  to   space 17408K, 0% used [0x00000000e5680000,0x00000000e5680000,0x00000000e6780000)
 ParOldGen       total 57856K, used 11926K [0x0000000081e00000, 0x0000000085680000, 0x00000000d5f80000)
  object space 57856K, 20% used [0x0000000081e00000,0x00000000829a5958,0x0000000085680000)
 Metaspace       used 34947K, capacity 35374K, committed 35496K, reserved 1081344K
  class space    used 4505K, capacity 4608K, committed 4608K, reserved 1048576K
}
Event: 7.155 GC heap before
{Heap before GC invocations=11 (full 2):
 PSYoungGen      total 192000K, used 13975K [0x00000000d5f80000, 0x00000000e6780000, 0x0000000100000000)
  eden space 176128K, 0% used [0x00000000d5f80000,0x00000000d5f80000,0x00000000e0b80000)
  from space 15872K, 88% used [0x00000000e0b80000,0x00000000e1925e00,0x00000000e1b00000)
  to   space 17408K, 0% used [0x00000000e5680000,0x00000000e5680000,0x00000000e6780000)
 ParOldGen       total 57856K, used 11926K [0x0000000081e00000, 0x0000000085680000, 0x00000000d5f80000)
  object space 57856K, 20% used [0x0000000081e00000,0x00000000829a5958,0x0000000085680000)
 Metaspace       used 34947K, capacity 35374K, committed 35496K, reserved 1081344K
  class space    used 4505K, capacity 4608K, committed 4608K, reserved 1048576K
Event: 7.278 GC heap after
Heap after GC invocations=11 (full 2):
 PSYoungGen      total 192000K, used 0K [0x00000000d5f80000, 0x00000000e6780000, 0x0000000100000000)
  eden space 176128K, 0% used [0x00000000d5f80000,0x00000000d5f80000,0x00000000e0b80000)
  from space 15872K, 0% used [0x00000000e0b80000,0x00000000e0b80000,0x00000000e1b00000)
  to   space 17408K, 0% used [0x00000000e5680000,0x00000000e5680000,0x00000000e6780000)
 ParOldGen       total 91648K, used 24752K [0x0000000081e00000, 0x0000000087780000, 0x00000000d5f80000)
  object space 91648K, 27% used [0x0000000081e00000,0x000000008362c3a8,0x0000000087780000)
 Metaspace       used 34947K, capacity 35374K, committed 35496K, reserved 1081344K
  class space    used 4505K, capacity 4608K, committed 4608K, reserved 1048576K
}
Event: 10.430 GC heap before
{Heap before GC invocations=12 (full 2):
 PSYoungGen      total 192000K, used 176128K [0x00000000d5f80000, 0x00000000e6780000, 0x0000000100000000)
  eden space 176128K, 100% used [0x00000000d5f80000,0x00000000e0b80000,0x00000000e0b80000)
  from space 15872K, 0% used [0x00000000e0b80000,0x00000000e0b80000,0x00000000e1b00000)
  to   space 17408K, 0% used [0x00000000e5680000,0x00000000e5680000,0x00000000e6780000)
 ParOldGen       total 91648K, used 24752K [0x0000000081e00000, 0x0000000087780000, 0x00000000d5f80000)
  object space 91648K, 27% used [0x0000000081e00000,0x000000008362c3a8,0x0000000087780000)
 Metaspace       used 47624K, capacity 48288K, committed 48512K, reserved 1091584K
  class space    used 6001K, capacity 6179K, committed 6272K, reserved 1048576K
Event: 10.457 GC heap after
Heap after GC invocations=12 (full 2):
 PSYoungGen      total 247296K, used 17386K [0x00000000d5f80000, 0x00000000e6780000, 0x0000000100000000)
  eden space 229888K, 0% used [0x00000000d5f80000,0x00000000d5f80000,0x00000000e4000000)
  from space 17408K, 99% used [0x00000000e5680000,0x00000000e677a828,0x00000000e6780000)
  to   space 19968K, 0% used [0x00000000e4080000,0x00000000e4080000,0x00000000e5400000)
 ParOldGen       total 91648K, used 25336K [0x0000000081e00000, 0x0000000087780000, 0x00000000d5f80000)
  object space 91648K, 27% used [0x0000000081e00000,0x00000000836be2a8,0x0000000087780000)
 Metaspace       used 47624K, capacity 48288K, committed 48512K, reserved 1091584K
  class space    used 6001K, capacity 6179K, committed 6272K, reserved 1048576K
}
Event: 33.034 GC heap before
{Heap before GC invocations=13 (full 2):
 PSYoungGen      total 247296K, used 247274K [0x00000000d5f80000, 0x00000000e6780000, 0x0000000100000000)
  eden space 229888K, 100% used [0x00000000d5f80000,0x00000000e4000000,0x00000000e4000000)
  from space 17408K, 99% used [0x00000000e5680000,0x00000000e677a828,0x00000000e6780000)
  to   space 19968K, 0% used [0x00000000e4080000,0x00000000e4080000,0x00000000e5400000)
 ParOldGen       total 91648K, used 25336K [0x0000000081e00000, 0x0000000087780000, 0x00000000d5f80000)
  object space 91648K, 27% used [0x0000000081e00000,0x00000000836be2a8,0x0000000087780000)
 Metaspace       used 53962K, capacity 54718K, committed 54912K, reserved 1097728K
  class space    used 6790K, capacity 6949K, committed 7040K, reserved 1048576K
Event: 33.056 GC heap after
Heap after GC invocations=13 (full 2):
 PSYoungGen      total 250368K, used 11067K [0x00000000d5f80000, 0x00000000ea180000, 0x0000000100000000)
  eden space 230400K, 0% used [0x00000000d5f80000,0x00000000d5f80000,0x00000000e4080000)
  from space 19968K, 55% used [0x00000000e4080000,0x00000000e4b4eea0,0x00000000e5400000)
  to   space 19456K, 0% used [0x00000000e8e80000,0x00000000e8e80000,0x00000000ea180000)
 ParOldGen       total 91648K, used 33998K [0x0000000081e00000, 0x0000000087780000, 0x00000000d5f80000)
  object space 91648K, 37% used [0x0000000081e00000,0x0000000083f33af8,0x0000000087780000)
 Metaspace       used 53962K, capacity 54718K, committed 54912K, reserved 1097728K
  class space    used 6790K, capacity 6949K, committed 7040K, reserved 1048576K
}

