# JRE version: Java(TM) SE Runtime Environment (8.0_73-b02) (build 1.8.0_73-b02)
# Java VM: Java HotSpot(TM) 64-Bit Server VM (25.73-b02 mixed mode windows-amd64 compressed oops)
Heap:
 PSYoungGen      total 271360K, used 128362K [0x00000000d5f80000, 0x00000000e7f80000, 0x0000000100000000)
  eden space 254976K, 43% used [0x00000000d5f80000,0x00000000dcce2680,0x00000000e5880000)
  from space 16384K, 99% used [0x00000000e6f80000,0x00000000e7f784c0,0x00000000e7f80000)
  to   space 18944K, 0% used [0x00000000e5a80000,0x00000000e5a80000,0x00000000e6d00000)
 ParOldGen       total 82432K, used 23425K [0x0000000081e00000, 0x0000000086e80000, 0x00000000d5f80000)
  object space 82432K, 28% used [0x0000000081e00000,0x00000000834e04e0,0x0000000086e80000)
 Metaspace       used 50133K, capacity 50682K, committed 50944K, reserved 1093632K
  class space    used 6456K, capacity 6591K, committed 6656K, reserved 1048576K
GC Heap History (10 events):
Event: 5.245 GC heap before
{Heap before GC invocations=8 (full 1):
 PSYoungGen      total 123392K, used 122611K [0x00000000d5f80000, 0x00000000de600000, 0x0000000100000000)
  eden space 114176K, 99% used [0x00000000d5f80000,0x00000000dcefad20,0x00000000dcf00000)
  from space 9216K, 91% used [0x00000000ddd00000,0x00000000de541fa8,0x00000000de600000)
  to   space 11776K, 0% used [0x00000000dcf00000,0x00000000dcf00000,0x00000000dda80000)
 ParOldGen       total 56320K, used 9051K [0x0000000081e00000, 0x0000000085500000, 0x00000000d5f80000)
  object space 56320K, 16% used [0x0000000081e00000,0x00000000826d6da8,0x0000000085500000)
 Metaspace       used 28022K, capacity 28452K, committed 28544K, reserved 1075200K
  class space    used 3552K, capacity 3673K, committed 3712K, reserved 1048576K
Event: 5.260 GC heap after
Heap after GC invocations=8 (full 1):
 PSYoungGen      total 125952K, used 11773K [0x00000000d5f80000, 0x00000000e3500000, 0x0000000100000000)
  eden space 114176K, 0% used [0x00000000d5f80000,0x00000000d5f80000,0x00000000dcf00000)
  from space 11776K, 99% used [0x00000000dcf00000,0x00000000dda7f4e8,0x00000000dda80000)
  to   space 13824K, 0% used [0x00000000e2780000,0x00000000e2780000,0x00000000e3500000)
 ParOldGen       total 56320K, used 9093K [0x0000000081e00000, 0x0000000085500000, 0x00000000d5f80000)
  object space 56320K, 16% used [0x0000000081e00000,0x00000000826e1460,0x0000000085500000)
 Metaspace       used 28022K, capacity 28452K, committed 28544K, reserved 1075200K
  class space    used 3552K, capacity 3673K, committed 3712K, reserved 1048576K
}
Event: 6.754 GC heap before
{Heap before GC invocations=9 (full 1):
 PSYoungGen      total 125952K, used 125949K [0x00000000d5f80000, 0x00000000e3500000, 0x0000000100000000)
  eden space 114176K, 100% used [0x00000000d5f80000,0x00000000dcf00000,0x00000000dcf00000)
  from space 11776K, 99% used [0x00000000dcf00000,0x00000000dda7f4e8,0x00000000dda80000)
  to   space 13824K, 0% used [0x00000000e2780000,0x00000000e2780000,0x00000000e3500000)
 ParOldGen       total 56320K, used 9093K [0x0000000081e00000, 0x0000000085500000, 0x00000000d5f80000)
  object space 56320K, 16% used [0x0000000081e00000,0x00000000826e1460,0x0000000085500000)
 Metaspace       used 33256K, capacity 33634K, committed 33792K, reserved 1079296K
  class space    used 4237K, capacity 4350K, committed 4352K, reserved 1048576K
Event: 6.768 GC heap after
Heap after GC invocations=9 (full 1):
 PSYoungGen      total 199680K, used 13796K [0x00000000d5f80000, 0x00000000e3500000, 0x0000000100000000)
  eden space 185856K, 0% used [0x00000000d5f80000,0x00000000d5f80000,0x00000000e1500000)
  from space 13824K, 99% used [0x00000000e2780000,0x00000000e34f9098,0x00000000e3500000)
  to   space 15872K, 0% used [0x00000000e1600000,0x00000000e1600000,0x00000000e2580000)
 ParOldGen       total 56320K, used 9755K [0x0000000081e00000, 0x0000000085500000, 0x00000000d5f80000)
  object space 56320K, 17% used [0x0000000081e00000,0x0000000082786e48,0x0000000085500000)
 Metaspace       used 33256K, capacity 33634K, committed 33792K, reserved 1079296K
  class space    used 4237K, capacity 4350K, committed 4352K, reserved 1048576K
}
Event: 7.064 GC heap before
{Heap before GC invocations=10 (full 1):
 PSYoungGen      total 199680K, used 46389K [0x00000000d5f80000, 0x00000000e3500000, 0x0000000100000000)
  eden space 185856K, 17% used [0x00000000d5f80000,0x00000000d7f54628,0x00000000e1500000)
  from space 13824K, 99% used [0x00000000e2780000,0x00000000e34f9098,0x00000000e3500000)
  to   space 15872K, 0% used [0x00000000e1600000,0x00000000e1600000,0x00000000e2580000)
 ParOldGen       total 56320K, used 9755K [0x0000000081e00000, 0x0000000085500000, 0x00000000d5f80000)
  object space 56320K, 17% used [0x0000000081e00000,0x0000000082786e48,0x0000000085500000)
 Metaspace       used 34944K, capacity 35362K, committed 35496K, reserved 1081344K
  class space    used 4487K, capacity 4606K, committed 4608K, reserved 1048576K
Event: 7.082 GC heap after
Heap after GC invocations=10 (full 1):
 PSYoungGen      total 202752K, used 11930K [0x00000000d5f80000, 0x00000000e7f80000, 0x0000000100000000)
  eden space 186880K, 0% used [0x00000000d5f80000,0x00000000d5f80000,0x00000000e1600000)
  from space 15872K, 75% used [0x00000000e1600000,0x00000000e21a6ba8,0x00000000e2580000)
  to   space 16384K, 0% used [0x00000000e6f80000,0x00000000e6f80000,0x00000000e7f80000)
 ParOldGen       total 56320K, used 12357K [0x0000000081e00000, 0x0000000085500000, 0x00000000d5f80000)
  object space 56320K, 21% used [0x0000000081e00000,0x0000000082a11700,0x0000000085500000)
 Metaspace       used 34944K, capacity 35362K, committed 35496K, reserved 1081344K
  class space    used 4487K, capacity 4606K, committed 4608K, reserved 1048576K
}
Event: 7.082 GC heap before
{Heap before GC invocations=11 (full 2):
 PSYoungGen      total 202752K, used 11930K [0x00000000d5f80000, 0x00000000e7f80000, 0x0000000100000000)
  eden space 186880K, 0% used [0x00000000d5f80000,0x00000000d5f80000,0x00000000e1600000)
  from space 15872K, 75% used [0x00000000e1600000,0x00000000e21a6ba8,0x00000000e2580000)
  to   space 16384K, 0% used [0x00000000e6f80000,0x00000000e6f80000,0x00000000e7f80000)
 ParOldGen       total 56320K, used 12357K [0x0000000081e00000, 0x0000000085500000, 0x00000000d5f80000)
  object space 56320K, 21% used [0x0000000081e00000,0x0000000082a11700,0x0000000085500000)
 Metaspace       used 34944K, capacity 35362K, committed 35496K, reserved 1081344K
  class space    used 4487K, capacity 4606K, committed 4608K, reserved 1048576K
Event: 7.190 GC heap after
Heap after GC invocations=11 (full 2):
 PSYoungGen      total 202752K, used 0K [0x00000000d5f80000, 0x00000000e7f80000, 0x0000000100000000)
  eden space 186880K, 0% used [0x00000000d5f80000,0x00000000d5f80000,0x00000000e1600000)
  from space 15872K, 0% used [0x00000000e1600000,0x00000000e1600000,0x00000000e2580000)
  to   space 16384K, 0% used [0x00000000e6f80000,0x00000000e6f80000,0x00000000e7f80000)
 ParOldGen       total 82432K, used 22301K [0x0000000081e00000, 0x0000000086e80000, 0x00000000d5f80000)
  object space 82432K, 27% used [0x0000000081e00000,0x00000000833c7478,0x0000000086e80000)
 Metaspace       used 34944K, capacity 35362K, committed 35496K, reserved 1081344K
  class space    used 4487K, capacity 4606K, committed 4608K, reserved 1048576K
}
Event: 10.307 GC heap before
{Heap before GC invocations=12 (full 2):
 PSYoungGen      total 202752K, used 186880K [0x00000000d5f80000, 0x00000000e7f80000, 0x0000000100000000)
  eden space 186880K, 100% used [0x00000000d5f80000,0x00000000e1600000,0x00000000e1600000)
  from space 15872K, 0% used [0x00000000e1600000,0x00000000e1600000,0x00000000e2580000)
  to   space 16384K, 0% used [0x00000000e6f80000,0x00000000e6f80000,0x00000000e7f80000)
 ParOldGen       total 82432K, used 22301K [0x0000000081e00000, 0x0000000086e80000, 0x00000000d5f80000)
  object space 82432K, 27% used [0x0000000081e00000,0x00000000833c7478,0x0000000086e80000)
 Metaspace       used 47259K, capacity 47682K, committed 48000K, reserved 1091584K
  class space    used 6100K, capacity 6222K, committed 6272K, reserved 1048576K
Event: 10.335 GC heap after
Heap after GC invocations=12 (full 2):
 PSYoungGen      total 271360K, used 16353K [0x00000000d5f80000, 0x00000000e7f80000, 0x0000000100000000)
  eden space 254976K, 0% used [0x00000000d5f80000,0x00000000d5f80000,0x00000000e5880000)
  from space 16384K, 99% used [0x00000000e6f80000,0x00000000e7f784c0,0x00000000e7f80000)
  to   space 18944K, 0% used [0x00000000e5a80000,0x00000000e5a80000,0x00000000e6d00000)
 ParOldGen       total 82432K, used 23425K [0x0000000081e00000, 0x0000000086e80000, 0x00000000d5f80000)
  object space 82432K, 28% used [0x0000000081e00000,0x00000000834e04e0,0x0000000086e80000)
 Metaspace       used 47259K, capacity 47682K, committed 48000K, reserved 1091584K
  class space    used 6100K, capacity 6222K, committed 6272K, reserved 1048576K
}

