# JRE version: Java(TM) SE Runtime Environment (8.0_73-b02) (build 1.8.0_73-b02)
# Java VM: Java HotSpot(TM) 64-Bit Server VM (25.73-b02 mixed mode windows-amd64 compressed oops)
Heap:
 PSYoungGen      total 233472K, used 140154K [0x00000000d5f80000, 0x00000000e5a80000, 0x0000000100000000)
  eden space 217600K, 57% used [0x00000000d5f80000,0x00000000dd8f5900,0x00000000e3400000)
  from space 15872K, 99% used [0x00000000e4b00000,0x00000000e5a68f10,0x00000000e5a80000)
  to   space 17920K, 0% used [0x00000000e3780000,0x00000000e3780000,0x00000000e4900000)
 ParOldGen       total 91648K, used 23583K [0x0000000081e00000, 0x0000000087780000, 0x00000000d5f80000)
  object space 91648K, 25% used [0x0000000081e00000,0x0000000083507ed0,0x0000000087780000)
 Metaspace       used 49735K, capacity 50304K, committed 50560K, reserved 1093632K
  class space    used 6389K, capacity 6528K, committed 6528K, reserved 1048576K
GC Heap History (10 events):
Event: 6.063 GC heap before
{Heap before GC invocations=8 (full 1):
 PSYoungGen      total 117760K, used 116302K [0x00000000d5f80000, 0x00000000de000000, 0x0000000100000000)
  eden space 108032K, 100% used [0x00000000d5f80000,0x00000000dc900000,0x00000000dc900000)
  from space 9728K, 85% used [0x00000000dd680000,0x00000000dde93878,0x00000000de000000)
  to   space 11776K, 0% used [0x00000000dc900000,0x00000000dc900000,0x00000000dd480000)
 ParOldGen       total 59392K, used 9303K [0x0000000081e00000, 0x0000000085800000, 0x00000000d5f80000)
  object space 59392K, 15% used [0x0000000081e00000,0x0000000082715d80,0x0000000085800000)
 Metaspace       used 28059K, capacity 28452K, committed 28800K, reserved 1075200K
  class space    used 3555K, capacity 3673K, committed 3712K, reserved 1048576K
Event: 6.081 GC heap after
Heap after GC invocations=8 (full 1):
 PSYoungGen      total 119808K, used 11671K [0x00000000d5f80000, 0x00000000e1f00000, 0x0000000100000000)
  eden space 108032K, 0% used [0x00000000d5f80000,0x00000000d5f80000,0x00000000dc900000)
  from space 11776K, 99% used [0x00000000dc900000,0x00000000dd465d58,0x00000000dd480000)
  to   space 13312K, 0% used [0x00000000e1200000,0x00000000e1200000,0x00000000e1f00000)
 ParOldGen       total 59392K, used 9303K [0x0000000081e00000, 0x0000000085800000, 0x00000000d5f80000)
  object space 59392K, 15% used [0x0000000081e00000,0x0000000082715d80,0x0000000085800000)
 Metaspace       used 28059K, capacity 28452K, committed 28800K, reserved 1075200K
  class space    used 3555K, capacity 3673K, committed 3712K, reserved 1048576K
}
Event: 7.721 GC heap before
{Heap before GC invocations=9 (full 1):
 PSYoungGen      total 119808K, used 119703K [0x00000000d5f80000, 0x00000000e1f00000, 0x0000000100000000)
  eden space 108032K, 100% used [0x00000000d5f80000,0x00000000dc900000,0x00000000dc900000)
  from space 11776K, 99% used [0x00000000dc900000,0x00000000dd465d58,0x00000000dd480000)
  to   space 13312K, 0% used [0x00000000e1200000,0x00000000e1200000,0x00000000e1f00000)
 ParOldGen       total 59392K, used 9303K [0x0000000081e00000, 0x0000000085800000, 0x00000000d5f80000)
  object space 59392K, 15% used [0x0000000081e00000,0x0000000082715d80,0x0000000085800000)
 Metaspace       used 31702K, capacity 32156K, committed 32512K, reserved 1077248K
  class space    used 3968K, capacity 4093K, committed 4096K, reserved 1048576K
Event: 7.745 GC heap after
Heap after GC invocations=9 (full 1):
 PSYoungGen      total 179712K, used 12664K [0x00000000d5f80000, 0x00000000e1f00000, 0x0000000100000000)
  eden space 166400K, 0% used [0x00000000d5f80000,0x00000000d5f80000,0x00000000e0200000)
  from space 13312K, 95% used [0x00000000e1200000,0x00000000e1e5e030,0x00000000e1f00000)
  to   space 14848K, 0% used [0x00000000e0200000,0x00000000e0200000,0x00000000e1080000)
 ParOldGen       total 59392K, used 9303K [0x0000000081e00000, 0x0000000085800000, 0x00000000d5f80000)
  object space 59392K, 15% used [0x0000000081e00000,0x0000000082715d80,0x0000000085800000)
 Metaspace       used 31702K, capacity 32156K, committed 32512K, reserved 1077248K
  class space    used 3968K, capacity 4093K, committed 4096K, reserved 1048576K
}
Event: 8.282 GC heap before
{Heap before GC invocations=10 (full 1):
 PSYoungGen      total 179712K, used 61274K [0x00000000d5f80000, 0x00000000e1f00000, 0x0000000100000000)
  eden space 166400K, 29% used [0x00000000d5f80000,0x00000000d8ef8ab0,0x00000000e0200000)
  from space 13312K, 95% used [0x00000000e1200000,0x00000000e1e5e030,0x00000000e1f00000)
  to   space 14848K, 0% used [0x00000000e0200000,0x00000000e0200000,0x00000000e1080000)
 ParOldGen       total 59392K, used 9303K [0x0000000081e00000, 0x0000000085800000, 0x00000000d5f80000)
  object space 59392K, 15% used [0x0000000081e00000,0x0000000082715d80,0x0000000085800000)
 Metaspace       used 34893K, capacity 35298K, committed 35496K, reserved 1081344K
  class space    used 4487K, capacity 4606K, committed 4608K, reserved 1048576K
Event: 8.305 GC heap after
Heap after GC invocations=10 (full 1):
 PSYoungGen      total 181248K, used 13260K [0x00000000d5f80000, 0x00000000e5b00000, 0x0000000100000000)
  eden space 166400K, 0% used [0x00000000d5f80000,0x00000000d5f80000,0x00000000e0200000)
  from space 14848K, 89% used [0x00000000e0200000,0x00000000e0ef3180,0x00000000e1080000)
  to   space 16384K, 0% used [0x00000000e4b00000,0x00000000e4b00000,0x00000000e5b00000)
 ParOldGen       total 59392K, used 11705K [0x0000000081e00000, 0x0000000085800000, 0x00000000d5f80000)
  object space 59392K, 19% used [0x0000000081e00000,0x000000008296e638,0x0000000085800000)
 Metaspace       used 34893K, capacity 35298K, committed 35496K, reserved 1081344K
  class space    used 4487K, capacity 4606K, committed 4608K, reserved 1048576K
}
Event: 8.305 GC heap before
{Heap before GC invocations=11 (full 2):
 PSYoungGen      total 181248K, used 13260K [0x00000000d5f80000, 0x00000000e5b00000, 0x0000000100000000)
  eden space 166400K, 0% used [0x00000000d5f80000,0x00000000d5f80000,0x00000000e0200000)
  from space 14848K, 89% used [0x00000000e0200000,0x00000000e0ef3180,0x00000000e1080000)
  to   space 16384K, 0% used [0x00000000e4b00000,0x00000000e4b00000,0x00000000e5b00000)
 ParOldGen       total 59392K, used 11705K [0x0000000081e00000, 0x0000000085800000, 0x00000000d5f80000)
  object space 59392K, 19% used [0x0000000081e00000,0x000000008296e638,0x0000000085800000)
 Metaspace       used 34893K, capacity 35298K, committed 35496K, reserved 1081344K
  class space    used 4487K, capacity 4606K, committed 4608K, reserved 1048576K
Event: 8.435 GC heap after
Heap after GC invocations=11 (full 2):
 PSYoungGen      total 181248K, used 0K [0x00000000d5f80000, 0x00000000e5b00000, 0x0000000100000000)
  eden space 166400K, 0% used [0x00000000d5f80000,0x00000000d5f80000,0x00000000e0200000)
  from space 14848K, 0% used [0x00000000e0200000,0x00000000e0200000,0x00000000e1080000)
  to   space 16384K, 0% used [0x00000000e4b00000,0x00000000e4b00000,0x00000000e5b00000)
 ParOldGen       total 91648K, used 23575K [0x0000000081e00000, 0x0000000087780000, 0x00000000d5f80000)
  object space 91648K, 25% used [0x0000000081e00000,0x0000000083505ed0,0x0000000087780000)
 Metaspace       used 34893K, capacity 35298K, committed 35496K, reserved 1081344K
  class space    used 4487K, capacity 4606K, committed 4608K, reserved 1048576K
}
Event: 12.866 GC heap before
{Heap before GC invocations=12 (full 2):
 PSYoungGen      total 181248K, used 166400K [0x00000000d5f80000, 0x00000000e5b00000, 0x0000000100000000)
  eden space 166400K, 100% used [0x00000000d5f80000,0x00000000e0200000,0x00000000e0200000)
  from space 14848K, 0% used [0x00000000e0200000,0x00000000e0200000,0x00000000e1080000)
  to   space 16384K, 0% used [0x00000000e4b00000,0x00000000e4b00000,0x00000000e5b00000)
 ParOldGen       total 91648K, used 23575K [0x0000000081e00000, 0x0000000087780000, 0x00000000d5f80000)
  object space 91648K, 25% used [0x0000000081e00000,0x0000000083505ed0,0x0000000087780000)
 Metaspace       used 46273K, capacity 46722K, committed 47104K, reserved 1089536K
  class space    used 5955K, capacity 6094K, committed 6144K, reserved 1048576K
Event: 12.886 GC heap after
Heap after GC invocations=12 (full 2):
 PSYoungGen      total 233472K, used 15779K [0x00000000d5f80000, 0x00000000e5a80000, 0x0000000100000000)
  eden space 217600K, 0% used [0x00000000d5f80000,0x00000000d5f80000,0x00000000e3400000)
  from space 15872K, 99% used [0x00000000e4b00000,0x00000000e5a68f10,0x00000000e5a80000)
  to   space 17920K, 0% used [0x00000000e3780000,0x00000000e3780000,0x00000000e4900000)
 ParOldGen       total 91648K, used 23583K [0x0000000081e00000, 0x0000000087780000, 0x00000000d5f80000)
  object space 91648K, 25% used [0x0000000081e00000,0x0000000083507ed0,0x0000000087780000)
 Metaspace       used 46273K, capacity 46722K, committed 47104K, reserved 1089536K
  class space    used 5955K, capacity 6094K, committed 6144K, reserved 1048576K
}

